2021-02-10 23:19:03.809  INFO 26488 --- [main] c.abernathy.patient.PatientApplication   : Starting PatientApplication using Java 11.0.9.1 on DESKTOP-L4EN7I5 with PID 26488 (C:\Users\dpiotr\IdeaProjects\AbernathyServices\Patient\build\classes\java\main started by dpiotr in C:\Users\dpiotr\IdeaProjects\AbernathyServices)
2021-02-10 23:19:03.809  INFO 26488 --- [main] c.abernathy.patient.PatientApplication   : No active profile set, falling back to default profiles: default
2021-02-10 23:19:04.654  INFO 26488 --- [main] .s.d.r.c.RepositoryConfigurationDelegate : Bootstrapping Spring Data JPA repositories in DEFAULT mode.
2021-02-10 23:19:04.733  INFO 26488 --- [main] .s.d.r.c.RepositoryConfigurationDelegate : Finished Spring Data repository scanning in 62 ms. Found 1 JPA repository interfaces.
2021-02-10 23:19:05.153  INFO 26488 --- [main] trationDelegate$BeanPostProcessorChecker : Bean 'org.springframework.hateoas.config.HateoasConfiguration' of type [org.springframework.hateoas.config.HateoasConfiguration] is not eligible for getting processed by all BeanPostProcessors (for example: not eligible for auto-proxying)
2021-02-10 23:19:05.169  INFO 26488 --- [main] trationDelegate$BeanPostProcessorChecker : Bean 'relProviderPluginRegistry' of type [org.springframework.plugin.core.support.PluginRegistryFactoryBean] is not eligible for getting processed by all BeanPostProcessors (for example: not eligible for auto-proxying)
2021-02-10 23:19:05.169  INFO 26488 --- [main] trationDelegate$BeanPostProcessorChecker : Bean 'relProviderPluginRegistry' of type [org.springframework.plugin.core.OrderAwarePluginRegistry] is not eligible for getting processed by all BeanPostProcessors (for example: not eligible for auto-proxying)
2021-02-10 23:19:05.169  INFO 26488 --- [main] trationDelegate$BeanPostProcessorChecker : Bean '_relProvider' of type [org.springframework.hateoas.server.core.DelegatingLinkRelationProvider] is not eligible for getting processed by all BeanPostProcessors (for example: not eligible for auto-proxying)
2021-02-10 23:19:05.185  INFO 26488 --- [main] trationDelegate$BeanPostProcessorChecker : Bean 'messageResolver' of type [org.springframework.hateoas.mediatype.MessageSourceResolver] is not eligible for getting processed by all BeanPostProcessors (for example: not eligible for auto-proxying)
2021-02-10 23:19:05.185  INFO 26488 --- [main] trationDelegate$BeanPostProcessorChecker : Bean 'org.springframework.data.web.config.SpringDataJacksonConfiguration' of type [org.springframework.data.web.config.SpringDataJacksonConfiguration] is not eligible for getting processed by all BeanPostProcessors (for example: not eligible for auto-proxying)
2021-02-10 23:19:05.185  INFO 26488 --- [main] trationDelegate$BeanPostProcessorChecker : Bean 'jacksonGeoModule' of type [org.springframework.data.geo.GeoModule] is not eligible for getting processed by all BeanPostProcessors (for example: not eligible for auto-proxying)
2021-02-10 23:19:05.200  INFO 26488 --- [main] trationDelegate$BeanPostProcessorChecker : Bean 'org.springframework.boot.autoconfigure.data.rest.RepositoryRestMvcAutoConfiguration' of type [org.springframework.boot.autoconfigure.data.rest.RepositoryRestMvcAutoConfiguration] is not eligible for getting processed by all BeanPostProcessors (for example: not eligible for auto-proxying)
2021-02-10 23:19:05.200  INFO 26488 --- [main] trationDelegate$BeanPostProcessorChecker : Bean 'org.springframework.boot.autoconfigure.jackson.JacksonAutoConfiguration$JacksonObjectMapperBuilderConfiguration' of type [org.springframework.boot.autoconfigure.jackson.JacksonAutoConfiguration$JacksonObjectMapperBuilderConfiguration] is not eligible for getting processed by all BeanPostProcessors (for example: not eligible for auto-proxying)
2021-02-10 23:19:05.200  INFO 26488 --- [main] trationDelegate$BeanPostProcessorChecker : Bean 'org.springframework.boot.autoconfigure.jackson.JacksonAutoConfiguration$Jackson2ObjectMapperBuilderCustomizerConfiguration' of type [org.springframework.boot.autoconfigure.jackson.JacksonAutoConfiguration$Jackson2ObjectMapperBuilderCustomizerConfiguration] is not eligible for getting processed by all BeanPostProcessors (for example: not eligible for auto-proxying)
2021-02-10 23:19:05.216  INFO 26488 --- [main] trationDelegate$BeanPostProcessorChecker : Bean 'spring.jackson-org.springframework.boot.autoconfigure.jackson.JacksonProperties' of type [org.springframework.boot.autoconfigure.jackson.JacksonProperties] is not eligible for getting processed by all BeanPostProcessors (for example: not eligible for auto-proxying)
2021-02-10 23:19:05.216  INFO 26488 --- [main] trationDelegate$BeanPostProcessorChecker : Bean 'standardJacksonObjectMapperBuilderCustomizer' of type [org.springframework.boot.autoconfigure.jackson.JacksonAutoConfiguration$Jackson2ObjectMapperBuilderCustomizerConfiguration$StandardJackson2ObjectMapperBuilderCustomizer] is not eligible for getting processed by all BeanPostProcessors (for example: not eligible for auto-proxying)
2021-02-10 23:19:05.216  INFO 26488 --- [main] trationDelegate$BeanPostProcessorChecker : Bean 'org.springframework.boot.autoconfigure.jackson.JacksonAutoConfiguration$ParameterNamesModuleConfiguration' of type [org.springframework.boot.autoconfigure.jackson.JacksonAutoConfiguration$ParameterNamesModuleConfiguration] is not eligible for getting processed by all BeanPostProcessors (for example: not eligible for auto-proxying)
2021-02-10 23:19:05.231  INFO 26488 --- [main] trationDelegate$BeanPostProcessorChecker : Bean 'parameterNamesModule' of type [com.fasterxml.jackson.module.paramnames.ParameterNamesModule] is not eligible for getting processed by all BeanPostProcessors (for example: not eligible for auto-proxying)
2021-02-10 23:19:05.231  INFO 26488 --- [main] trationDelegate$BeanPostProcessorChecker : Bean 'org.springframework.boot.autoconfigure.jackson.JacksonAutoConfiguration' of type [org.springframework.boot.autoconfigure.jackson.JacksonAutoConfiguration] is not eligible for getting processed by all BeanPostProcessors (for example: not eligible for auto-proxying)
2021-02-10 23:19:05.231  INFO 26488 --- [main] trationDelegate$BeanPostProcessorChecker : Bean 'jsonComponentModule' of type [org.springframework.boot.jackson.JsonComponentModule] is not eligible for getting processed by all BeanPostProcessors (for example: not eligible for auto-proxying)
2021-02-10 23:19:05.231  INFO 26488 --- [main] trationDelegate$BeanPostProcessorChecker : Bean 'jacksonObjectMapperBuilder' of type [org.springframework.http.converter.json.Jackson2ObjectMapperBuilder] is not eligible for getting processed by all BeanPostProcessors (for example: not eligible for auto-proxying)
2021-02-10 23:19:05.247  INFO 26488 --- [main] trationDelegate$BeanPostProcessorChecker : Bean 'spring.data.rest-org.springframework.boot.autoconfigure.data.rest.RepositoryRestProperties' of type [org.springframework.boot.autoconfigure.data.rest.RepositoryRestProperties] is not eligible for getting processed by all BeanPostProcessors (for example: not eligible for auto-proxying)
2021-02-10 23:19:05.247  INFO 26488 --- [main] trationDelegate$BeanPostProcessorChecker : Bean 'springBootRepositoryRestConfigurer' of type [org.springframework.boot.autoconfigure.data.rest.SpringBootRepositoryRestConfigurer] is not eligible for getting processed by all BeanPostProcessors (for example: not eligible for auto-proxying)
2021-02-10 23:19:05.247  INFO 26488 --- [main] trationDelegate$BeanPostProcessorChecker : Bean 'configurerDelegate' of type [org.springframework.data.rest.webmvc.config.RepositoryRestConfigurerDelegate] is not eligible for getting processed by all BeanPostProcessors (for example: not eligible for auto-proxying)
2021-02-10 23:19:05.247  INFO 26488 --- [main] trationDelegate$BeanPostProcessorChecker : Bean 'org.springframework.boot.autoconfigure.http.HttpMessageConvertersAutoConfiguration$StringHttpMessageConverterConfiguration' of type [org.springframework.boot.autoconfigure.http.HttpMessageConvertersAutoConfiguration$StringHttpMessageConverterConfiguration] is not eligible for getting processed by all BeanPostProcessors (for example: not eligible for auto-proxying)
2021-02-10 23:19:05.263  INFO 26488 --- [main] trationDelegate$BeanPostProcessorChecker : Bean 'stringHttpMessageConverter' of type [org.springframework.http.converter.StringHttpMessageConverter] is not eligible for getting processed by all BeanPostProcessors (for example: not eligible for auto-proxying)
2021-02-10 23:19:05.263  INFO 26488 --- [main] trationDelegate$BeanPostProcessorChecker : Bean 'org.springframework.boot.autoconfigure.http.JacksonHttpMessageConvertersConfiguration$MappingJackson2HttpMessageConverterConfiguration' of type [org.springframework.boot.autoconfigure.http.JacksonHttpMessageConvertersConfiguration$MappingJackson2HttpMessageConverterConfiguration] is not eligible for getting processed by all BeanPostProcessors (for example: not eligible for auto-proxying)
2021-02-10 23:19:05.263  INFO 26488 --- [main] trationDelegate$BeanPostProcessorChecker : Bean 'org.springframework.boot.autoconfigure.jackson.JacksonAutoConfiguration$JacksonObjectMapperConfiguration' of type [org.springframework.boot.autoconfigure.jackson.JacksonAutoConfiguration$JacksonObjectMapperConfiguration] is not eligible for getting processed by all BeanPostProcessors (for example: not eligible for auto-proxying)
2021-02-10 23:19:05.263  INFO 26488 --- [main] trationDelegate$BeanPostProcessorChecker : Bean 'jacksonObjectMapperBuilder' of type [org.springframework.http.converter.json.Jackson2ObjectMapperBuilder] is not eligible for getting processed by all BeanPostProcessors (for example: not eligible for auto-proxying)
2021-02-10 23:19:05.294  INFO 26488 --- [main] trationDelegate$BeanPostProcessorChecker : Bean 'jacksonObjectMapper' of type [com.fasterxml.jackson.databind.ObjectMapper] is not eligible for getting processed by all BeanPostProcessors (for example: not eligible for auto-proxying)
2021-02-10 23:19:05.295  INFO 26488 --- [main] trationDelegate$BeanPostProcessorChecker : Bean 'mappingJackson2HttpMessageConverter' of type [org.springframework.http.converter.json.MappingJackson2HttpMessageConverter] is not eligible for getting processed by all BeanPostProcessors (for example: not eligible for auto-proxying)
2021-02-10 23:19:05.295  INFO 26488 --- [main] trationDelegate$BeanPostProcessorChecker : Bean 'org.springframework.data.rest.webmvc.config.RepositoryRestMvcConfiguration' of type [org.springframework.data.rest.webmvc.config.RepositoryRestMvcConfiguration] is not eligible for getting processed by all BeanPostProcessors (for example: not eligible for auto-proxying)
2021-02-10 23:19:05.659  INFO 26488 --- [main] o.s.b.w.embedded.tomcat.TomcatWebServer  : Tomcat initialized with port(s): 8084 (http)
2021-02-10 23:19:05.674  INFO 26488 --- [main] o.apache.catalina.core.StandardService   : Starting service [Tomcat]
2021-02-10 23:19:05.674  INFO 26488 --- [main] org.apache.catalina.core.StandardEngine  : Starting Servlet engine: [Apache Tomcat/9.0.41]
2021-02-10 23:19:05.815  INFO 26488 --- [main] o.a.c.c.C.[Tomcat].[localhost].[/]       : Initializing Spring embedded WebApplicationContext
2021-02-10 23:19:05.815  INFO 26488 --- [main] w.s.c.ServletWebServerApplicationContext : Root WebApplicationContext: initialization completed in 1944 ms
2021-02-10 23:19:06.084  INFO 26488 --- [main] o.hibernate.jpa.internal.util.LogHelper  : HHH000204: Processing PersistenceUnitInfo [name: default]
2021-02-10 23:19:06.146  INFO 26488 --- [main] org.hibernate.Version                    : HHH000412: Hibernate ORM core version 5.4.27.Final
2021-02-10 23:19:06.319  INFO 26488 --- [main] o.hibernate.annotations.common.Version   : HCANN000001: Hibernate Commons Annotations {5.1.2.Final}
2021-02-10 23:19:06.455  INFO 26488 --- [main] com.zaxxer.hikari.HikariDataSource       : HikariPool-1 - Starting...
2021-02-10 23:19:06.653  INFO 26488 --- [main] com.zaxxer.hikari.HikariDataSource       : HikariPool-1 - Start completed.
2021-02-10 23:19:06.685  INFO 26488 --- [main] org.hibernate.dialect.Dialect            : HHH000400: Using dialect: org.hibernate.dialect.MySQL8Dialect
2021-02-10 23:19:07.544  INFO 26488 --- [main] o.h.e.t.j.p.i.JtaPlatformInitiator       : HHH000490: Using JtaPlatform implementation: [org.hibernate.engine.transaction.jta.platform.internal.NoJtaPlatform]
2021-02-10 23:19:07.552  INFO 26488 --- [main] j.LocalContainerEntityManagerFactoryBean : Initialized JPA EntityManagerFactory for persistence unit 'default'
2021-02-10 23:19:08.059  WARN 26488 --- [main] JpaBaseConfiguration$JpaWebConfiguration : spring.jpa.open-in-view is enabled by default. Therefore, database queries may be performed during view rendering. Explicitly configure spring.jpa.open-in-view to disable this warning
2021-02-10 23:19:08.387  INFO 26488 --- [main] o.s.s.concurrent.ThreadPoolTaskExecutor  : Initializing ExecutorService 'applicationTaskExecutor'
2021-02-10 23:19:09.045  INFO 26488 --- [main] o.s.b.w.embedded.tomcat.TomcatWebServer  : Tomcat started on port(s): 8084 (http) with context path ''
2021-02-10 23:19:09.061  INFO 26488 --- [main] c.abernathy.patient.PatientApplication   : Started PatientApplication in 5.81 seconds (JVM running for 7.049)
2021-02-10 23:19:14.602  INFO 26488 --- [http-nio-8084-exec-1] o.a.c.c.C.[Tomcat].[localhost].[/]       : Initializing Spring DispatcherServlet 'dispatcherServlet'
2021-02-10 23:19:14.602  INFO 26488 --- [http-nio-8084-exec-1] o.s.web.servlet.DispatcherServlet        : Initializing Servlet 'dispatcherServlet'
2021-02-10 23:19:14.606  INFO 26488 --- [http-nio-8084-exec-1] o.s.web.servlet.DispatcherServlet        : Completed initialization in 4 ms
2021-02-10 23:19:14.782  INFO 26488 --- [http-nio-8084-exec-1] c.a.p.controllers.PatientController      : GET patient -> getPatient /**/ HttpStatus : 200 OK /**/ Result : 'Optional[Patient(id=1, firstName=Lucas, lastName=Ferguson, birthDate=1968-06-22, sex=M, address=2 Warren Street , phone=387-866-1399)]'.
2021-02-10 23:19:18.931  INFO 26488 --- [http-nio-8084-exec-3] c.a.p.controllers.PatientController      : GET patients -> getPatients /**/ HttpStatus : 200 OK /**/ Result : '[Patient(id=1, firstName=Lucas, lastName=Ferguson, birthDate=1968-06-22, sex=M, address=2 Warren Street , phone=387-866-1399), Patient(id=2, firstName=Pippa, lastName=Rees, birthDate=1952-09-27, sex=F, address=745 West Valley Farms Drive, phone=628-423-0993), Patient(id=3, firstName=Edward , lastName=Arnold , birthDate=1952-11-11, sex=F, address=599 East Garden Ave , phone=123-727-2779), Patient(id=4, firstName=Anthony, lastName=Sharp , birthDate=1946-11-26, sex=M, address=894 Hall Street, phone=451-761-8383), Patient(id=5, firstName=Wendy , lastName=Ince , birthDate=1958-06-29, sex=F, address=4 Southampton Road , phone=802-911-9975), Patient(id=6, firstName=Tracey, lastName=Ross, birthDate=1949-12-07, sex=F, address=40 Sulphur Springs Dr, phone=131-396-5049), Patient(id=7, firstName=Claire, lastName=Wilson, birthDate=1966-12-31, sex=F, address=12 Cobblestone St , phone=300-452-1091), Patient(id=8, firstName=Max , lastName=Buckland , birthDate=1945-06-24, sex=M, address=193 Vale St , phone=833-534-0864), Patient(id=9, firstName=Natalie , lastName=Clark , birthDate=1964-06-18, sex=F, address=12 Beechwood Road, phone=241-467-9197), Patient(id=10, firstName=Piers , lastName=Bailey , birthDate=1959-06-28, sex=M, address=1202 Bumble Dr , phone=747-815-0557)]'.
